<?xml version="1.0" encoding="UTF-8"?>
<testsuite xmlns:xsi="http://www.w3.org/2001/XMLSchema-instance" xsi:noNamespaceSchemaLocation="https://maven.apache.org/surefire/maven-surefire-plugin/xsd/surefire-test-report.xsd" name="TestSuite" time="66.751" tests="7" errors="0" skipped="0" failures="4">
  <properties>
    <property name="java.specification.version" value="17"/>
    <property name="sun.cpu.isalist" value="amd64"/>
    <property name="sun.jnu.encoding" value="Cp1252"/>
    <property name="java.class.path" value="F:\eclipse installed here\eclipse workspace\testAssign\target\test-classes;F:\eclipse installed here\eclipse workspace\testAssign\target\classes;C:\Users\kish\.m2\repository\org\seleniumhq\selenium\selenium-java\3.141.59\selenium-java-3.141.59.jar;C:\Users\kish\.m2\repository\org\seleniumhq\selenium\selenium-api\3.141.59\selenium-api-3.141.59.jar;C:\Users\kish\.m2\repository\org\seleniumhq\selenium\selenium-chrome-driver\3.141.59\selenium-chrome-driver-3.141.59.jar;C:\Users\kish\.m2\repository\org\seleniumhq\selenium\selenium-edge-driver\3.141.59\selenium-edge-driver-3.141.59.jar;C:\Users\kish\.m2\repository\org\seleniumhq\selenium\selenium-firefox-driver\3.141.59\selenium-firefox-driver-3.141.59.jar;C:\Users\kish\.m2\repository\org\seleniumhq\selenium\selenium-ie-driver\3.141.59\selenium-ie-driver-3.141.59.jar;C:\Users\kish\.m2\repository\org\seleniumhq\selenium\selenium-opera-driver\3.141.59\selenium-opera-driver-3.141.59.jar;C:\Users\kish\.m2\repository\org\seleniumhq\selenium\selenium-remote-driver\3.141.59\selenium-remote-driver-3.141.59.jar;C:\Users\kish\.m2\repository\org\seleniumhq\selenium\selenium-safari-driver\3.141.59\selenium-safari-driver-3.141.59.jar;C:\Users\kish\.m2\repository\org\seleniumhq\selenium\selenium-support\3.141.59\selenium-support-3.141.59.jar;C:\Users\kish\.m2\repository\net\bytebuddy\byte-buddy\1.8.15\byte-buddy-1.8.15.jar;C:\Users\kish\.m2\repository\org\apache\commons\commons-exec\1.3\commons-exec-1.3.jar;C:\Users\kish\.m2\repository\com\google\guava\guava\25.0-jre\guava-25.0-jre.jar;C:\Users\kish\.m2\repository\com\google\code\findbugs\jsr305\1.3.9\jsr305-1.3.9.jar;C:\Users\kish\.m2\repository\org\checkerframework\checker-compat-qual\2.0.0\checker-compat-qual-2.0.0.jar;C:\Users\kish\.m2\repository\com\google\errorprone\error_prone_annotations\2.1.3\error_prone_annotations-2.1.3.jar;C:\Users\kish\.m2\repository\com\google\j2objc\j2objc-annotations\1.1\j2objc-annotations-1.1.jar;C:\Users\kish\.m2\repository\org\codehaus\mojo\animal-sniffer-annotations\1.14\animal-sniffer-annotations-1.14.jar;C:\Users\kish\.m2\repository\com\squareup\okhttp3\okhttp\3.11.0\okhttp-3.11.0.jar;C:\Users\kish\.m2\repository\com\squareup\okio\okio\1.14.0\okio-1.14.0.jar;C:\Users\kish\.m2\repository\org\testng\testng\7.1.0\testng-7.1.0.jar;C:\Users\kish\.m2\repository\com\beust\jcommander\1.72\jcommander-1.72.jar;C:\Users\kish\.m2\repository\com\google\inject\guice\4.1.0\guice-4.1.0-no_aop.jar;C:\Users\kish\.m2\repository\javax\inject\javax.inject\1\javax.inject-1.jar;C:\Users\kish\.m2\repository\aopalliance\aopalliance\1.0\aopalliance-1.0.jar;C:\Users\kish\.m2\repository\org\yaml\snakeyaml\1.21\snakeyaml-1.21.jar;C:\Users\kish\.m2\repository\org\apache\poi\poi-ooxml\3.17\poi-ooxml-3.17.jar;C:\Users\kish\.m2\repository\org\apache\poi\poi\3.17\poi-3.17.jar;C:\Users\kish\.m2\repository\commons-codec\commons-codec\1.10\commons-codec-1.10.jar;C:\Users\kish\.m2\repository\org\apache\commons\commons-collections4\4.1\commons-collections4-4.1.jar;C:\Users\kish\.m2\repository\org\apache\poi\poi-ooxml-schemas\3.17\poi-ooxml-schemas-3.17.jar;C:\Users\kish\.m2\repository\org\apache\xmlbeans\xmlbeans\2.6.0\xmlbeans-2.6.0.jar;C:\Users\kish\.m2\repository\stax\stax-api\1.0.1\stax-api-1.0.1.jar;C:\Users\kish\.m2\repository\com\github\virtuald\curvesapi\1.04\curvesapi-1.04.jar;"/>
    <property name="java.vm.vendor" value="Eclipse Adoptium"/>
    <property name="sun.arch.data.model" value="64"/>
    <property name="user.variant" value=""/>
    <property name="java.vendor.url" value="https://adoptium.net/"/>
    <property name="user.timezone" value="Asia/Calcutta"/>
    <property name="os.name" value="Windows 10"/>
    <property name="java.vm.specification.version" value="17"/>
    <property name="sun.java.launcher" value="SUN_STANDARD"/>
    <property name="user.country" value="IN"/>
    <property name="sun.boot.library.path" value="C:\Users\kish\.p2\pool\plugins\org.eclipse.justj.openjdk.hotspot.jre.full.win32.x86_64_17.0.1.v20211116-1657\jre\bin"/>
    <property name="sun.java.command" value="C:\Users\kish\AppData\Local\Temp\surefire3940672808520847012\surefirebooter7020944126425213747.jar C:\Users\kish\AppData\Local\Temp\surefire3940672808520847012 2022-06-21T13-29-05_653-jvmRun1 surefire14828857363527980611tmp surefire_017089347293215656082tmp"/>
    <property name="jdk.debug" value="release"/>
    <property name="surefire.test.class.path" value="F:\eclipse installed here\eclipse workspace\testAssign\target\test-classes;F:\eclipse installed here\eclipse workspace\testAssign\target\classes;C:\Users\kish\.m2\repository\org\seleniumhq\selenium\selenium-java\3.141.59\selenium-java-3.141.59.jar;C:\Users\kish\.m2\repository\org\seleniumhq\selenium\selenium-api\3.141.59\selenium-api-3.141.59.jar;C:\Users\kish\.m2\repository\org\seleniumhq\selenium\selenium-chrome-driver\3.141.59\selenium-chrome-driver-3.141.59.jar;C:\Users\kish\.m2\repository\org\seleniumhq\selenium\selenium-edge-driver\3.141.59\selenium-edge-driver-3.141.59.jar;C:\Users\kish\.m2\repository\org\seleniumhq\selenium\selenium-firefox-driver\3.141.59\selenium-firefox-driver-3.141.59.jar;C:\Users\kish\.m2\repository\org\seleniumhq\selenium\selenium-ie-driver\3.141.59\selenium-ie-driver-3.141.59.jar;C:\Users\kish\.m2\repository\org\seleniumhq\selenium\selenium-opera-driver\3.141.59\selenium-opera-driver-3.141.59.jar;C:\Users\kish\.m2\repository\org\seleniumhq\selenium\selenium-remote-driver\3.141.59\selenium-remote-driver-3.141.59.jar;C:\Users\kish\.m2\repository\org\seleniumhq\selenium\selenium-safari-driver\3.141.59\selenium-safari-driver-3.141.59.jar;C:\Users\kish\.m2\repository\org\seleniumhq\selenium\selenium-support\3.141.59\selenium-support-3.141.59.jar;C:\Users\kish\.m2\repository\net\bytebuddy\byte-buddy\1.8.15\byte-buddy-1.8.15.jar;C:\Users\kish\.m2\repository\org\apache\commons\commons-exec\1.3\commons-exec-1.3.jar;C:\Users\kish\.m2\repository\com\google\guava\guava\25.0-jre\guava-25.0-jre.jar;C:\Users\kish\.m2\repository\com\google\code\findbugs\jsr305\1.3.9\jsr305-1.3.9.jar;C:\Users\kish\.m2\repository\org\checkerframework\checker-compat-qual\2.0.0\checker-compat-qual-2.0.0.jar;C:\Users\kish\.m2\repository\com\google\errorprone\error_prone_annotations\2.1.3\error_prone_annotations-2.1.3.jar;C:\Users\kish\.m2\repository\com\google\j2objc\j2objc-annotations\1.1\j2objc-annotations-1.1.jar;C:\Users\kish\.m2\repository\org\codehaus\mojo\animal-sniffer-annotations\1.14\animal-sniffer-annotations-1.14.jar;C:\Users\kish\.m2\repository\com\squareup\okhttp3\okhttp\3.11.0\okhttp-3.11.0.jar;C:\Users\kish\.m2\repository\com\squareup\okio\okio\1.14.0\okio-1.14.0.jar;C:\Users\kish\.m2\repository\org\testng\testng\7.1.0\testng-7.1.0.jar;C:\Users\kish\.m2\repository\com\beust\jcommander\1.72\jcommander-1.72.jar;C:\Users\kish\.m2\repository\com\google\inject\guice\4.1.0\guice-4.1.0-no_aop.jar;C:\Users\kish\.m2\repository\javax\inject\javax.inject\1\javax.inject-1.jar;C:\Users\kish\.m2\repository\aopalliance\aopalliance\1.0\aopalliance-1.0.jar;C:\Users\kish\.m2\repository\org\yaml\snakeyaml\1.21\snakeyaml-1.21.jar;C:\Users\kish\.m2\repository\org\apache\poi\poi-ooxml\3.17\poi-ooxml-3.17.jar;C:\Users\kish\.m2\repository\org\apache\poi\poi\3.17\poi-3.17.jar;C:\Users\kish\.m2\repository\commons-codec\commons-codec\1.10\commons-codec-1.10.jar;C:\Users\kish\.m2\repository\org\apache\commons\commons-collections4\4.1\commons-collections4-4.1.jar;C:\Users\kish\.m2\repository\org\apache\poi\poi-ooxml-schemas\3.17\poi-ooxml-schemas-3.17.jar;C:\Users\kish\.m2\repository\org\apache\xmlbeans\xmlbeans\2.6.0\xmlbeans-2.6.0.jar;C:\Users\kish\.m2\repository\stax\stax-api\1.0.1\stax-api-1.0.1.jar;C:\Users\kish\.m2\repository\com\github\virtuald\curvesapi\1.04\curvesapi-1.04.jar;"/>
    <property name="sun.cpu.endian" value="little"/>
    <property name="user.home" value="C:\Users\kish"/>
    <property name="user.language" value="en"/>
    <property name="java.specification.vendor" value="Oracle Corporation"/>
    <property name="java.version.date" value="2021-10-19"/>
    <property name="java.home" value="C:\Users\kish\.p2\pool\plugins\org.eclipse.justj.openjdk.hotspot.jre.full.win32.x86_64_17.0.1.v20211116-1657\jre"/>
    <property name="file.separator" value="\"/>
    <property name="basedir" value="F:\eclipse installed here\eclipse workspace\testAssign"/>
    <property name="java.vm.compressedOopsMode" value="32-bit"/>
    <property name="line.separator" value="&#10;"/>
    <property name="java.vm.specification.vendor" value="Oracle Corporation"/>
    <property name="java.specification.name" value="Java Platform API Specification"/>
    <property name="surefire.real.class.path" value="C:\Users\kish\AppData\Local\Temp\surefire3940672808520847012\surefirebooter7020944126425213747.jar"/>
    <property name="user.script" value=""/>
    <property name="sun.management.compiler" value="HotSpot 64-Bit Tiered Compilers"/>
    <property name="java.runtime.version" value="17.0.1+12"/>
    <property name="user.name" value="kish"/>
    <property name="path.separator" value=";"/>
    <property name="os.version" value="10.0"/>
    <property name="java.runtime.name" value="OpenJDK Runtime Environment"/>
    <property name="file.encoding" value="Cp1252"/>
    <property name="java.vm.name" value="OpenJDK 64-Bit Server VM"/>
    <property name="java.vendor.version" value="Temurin-17.0.1+12"/>
    <property name="localRepository" value="C:\Users\kish\.m2\repository"/>
    <property name="java.vendor.url.bug" value="https://github.com/adoptium/adoptium-support/issues"/>
    <property name="java.io.tmpdir" value="C:\Users\kish\AppData\Local\Temp\"/>
    <property name="java.version" value="17.0.1"/>
    <property name="user.dir" value="F:\eclipse installed here\eclipse workspace\testAssign"/>
    <property name="os.arch" value="amd64"/>
    <property name="java.vm.specification.name" value="Java Virtual Machine Specification"/>
    <property name="sun.os.patch.level" value=""/>
    <property name="native.encoding" value="Cp1252"/>
    <property name="java.library.path" value="C:\Users\kish\.p2\pool\plugins\org.eclipse.justj.openjdk.hotspot.jre.full.win32.x86_64_17.0.1.v20211116-1657\jre\bin;C:\Windows\Sun\Java\bin;C:\Windows\system32;C:\Windows;C:/Users/kish/.p2/pool/plugins/org.eclipse.justj.openjdk.hotspot.jre.full.win32.x86_64_17.0.1.v20211116-1657/jre/bin/server;C:/Users/kish/.p2/pool/plugins/org.eclipse.justj.openjdk.hotspot.jre.full.win32.x86_64_17.0.1.v20211116-1657/jre/bin;C:\Program Files (x86)\Common Files\Oracle\Java\javapath;C:\Program Files (x86)\NVIDIA Corporation\PhysX\Common;C:\Windows\system32;C:\Windows;C:\Windows\System32\Wbem;C:\Windows\System32\WindowsPowerShell\v1.0\;C:\Windows\System32\OpenSSH\;D:\Program Files (x86)\python;C:\Program Files\nodejs\;C:\Program Files\Java\jdk1.8.0_321\bin;C:\Program Files\Git\cmd;F:\eclipse installed here\maven installed here\bin;C:\Users\kish\AppData\Local\Android\Sdk\emulator;C:\Users\kish\AppData\Local\Android\Sdk\tools\bin;C:\Users\kish\AppData\Local\Android\Sdk\platform-tools;C:\Program Files\MySQL\MySQL Shell 8.0\bin\;C:\Users\kish\AppData\Local\Microsoft\WindowsApps;D:\Program Files (x86)\Microsoft VS Code\bin;D:\Program Files (x86)\python\Scripts;D:\Program Files (x86)\python;C:\Users\kish\AppData\Roaming\npm;C:\Users\kish\AppData\Local\GitHubDesktop\bin;C:\Users\kish\Desktop;;."/>
    <property name="java.vm.info" value="mixed mode"/>
    <property name="java.vendor" value="Eclipse Adoptium"/>
    <property name="java.vm.version" value="17.0.1+12"/>
    <property name="sun.io.unicode.encoding" value="UnicodeLittle"/>
    <property name="java.class.version" value="61.0"/>
  </properties>
  <testcase name="fillInfo" classname="testClasses.RegistrationTest" time="14.226">
    <failure message="expected [MERALDA || HOME] but found [Meralda || Register]" type="java.lang.AssertionError">java.lang.AssertionError: expected [MERALDA || HOME] but found [Meralda || Register]
	at testClasses.RegistrationTest.fillInfo(RegistrationTest.java:73)
</failure>
    <system-out><![CDATA[fillInfo
]]></system-out>
    <system-err><![CDATA[1655798347343	geckodriver	INFO	Listening on 127.0.0.1:31748
1655798347579	mozrunner::runner	INFO	Running command: "C:\\Program Files\\Mozilla Firefox\\firefox.exe" "--marionette" "-no-remote" "-profile" "C:\\Users\\kish\\AppData\\Local\\Temp\\rust_mozprofileOs5V7h"
1655798348025	Marionette	INFO	Marionette enabled
console.warn: SearchSettings: "get: No settings file exists, new profile?" (new NotFoundError("Could not open the file at C:\\Users\\kish\\AppData\\Local\\Temp\\rust_mozprofileOs5V7h\\search.json.mozlz4", (void 0)))
1655798350357	Marionette	INFO	Listening on port 58984
1655798350809	RemoteAgent	WARN	TLS certificate errors will be ignored for this session
Jun 21, 2022 1:29:10 PM org.openqa.selenium.remote.ProtocolHandshake createSession
INFO: Detected dialect: W3C
JavaScript error: https://meralda.scalenext.io/js/main.js, line 3: TypeError: $(...).niceNumber is not a function
console.warn: LoginRecipes: "getRecipes: falling back to a synchronous message for:" "https://meralda.scalenext.io"
console.warn: LoginRecipes: "getRecipes: falling back to a synchronous message for:" "https://meralda.scalenext.io"
JavaScript error: resource://gre/modules/LoginManagerParent.jsm, line 136: TypeError: gRecipeManager is null
console.warn: LoginRecipes: "getRecipes: falling back to a synchronous message for:" "https://meralda.scalenext.io"
JavaScript error: resource://gre/modules/LoginManagerParent.jsm, line 136: TypeError: gRecipeManager is null
JavaScript error: https://meralda.scalenext.io/js/main.js, line 3: TypeError: $(...).niceNumber is not a function
]]></system-err>
  </testcase>
  <testcase name="fillInfo" classname="testClasses.RegistrationTest" time="2.793">
    <failure message="expected [MERALDA || HOME] but found [Meralda || Register]" type="java.lang.AssertionError">java.lang.AssertionError: expected [MERALDA || HOME] but found [Meralda || Register]
	at testClasses.RegistrationTest.fillInfo(RegistrationTest.java:73)
</failure>
    <system-out><![CDATA[fillInfo
fillInfo
]]></system-out>
    <system-err><![CDATA[JavaScript error: https://meralda.scalenext.io/js/main.js, line 3: TypeError: $(...).niceNumber is not a function
]]></system-err>
  </testcase>
  <testcase name="fillInfo" classname="testClasses.RegistrationTest" time="4.768">
    <failure message="expected [MERALDA || HOME] but found [Meralda || Register]" type="java.lang.AssertionError">java.lang.AssertionError: expected [MERALDA || HOME] but found [Meralda || Register]
	at testClasses.RegistrationTest.fillInfo(RegistrationTest.java:73)
</failure>
    <system-out><![CDATA[fillInfo
fillInfo
]]></system-out>
    <system-err><![CDATA[JavaScript error: https://meralda.scalenext.io/js/main.js, line 3: TypeError: $(...).niceNumber is not a function
console.warn: LoginRecipes: "getRecipes: falling back to a synchronous message for:" "https://meralda.scalenext.io"
JavaScript error: resource://gre/modules/LoginManagerParent.jsm, line 136: TypeError: gRecipeManager is null
console.warn: LoginRecipes: "getRecipes: falling back to a synchronous message for:" "https://meralda.scalenext.io"
JavaScript error: resource://gre/modules/LoginManagerParent.jsm, line 136: TypeError: gRecipeManager is null
console.warn: LoginRecipes: "getRecipes: falling back to a synchronous message for:" "https://meralda.scalenext.io"
JavaScript error: resource://gre/modules/LoginManagerParent.jsm, line 136: TypeError: gRecipeManager is null
JavaScript error: https://meralda.scalenext.io/js/main.js, line 3: TypeError: $(...).niceNumber is not a function
]]></system-err>
  </testcase>
  <testcase name="openLoginPage" classname="testClasses.LoginTest" time="12.898"/>
  <testcase name="fillCredentials" classname="testClasses.LoginTest" time="13.27"/>
  <testcase name="fillCredentials" classname="testClasses.LoginTest" time="4.358">
    <failure message="expected [MERALDA || HOME] but found [Meralda || Login]" type="java.lang.AssertionError">java.lang.AssertionError: expected [MERALDA || HOME] but found [Meralda || Login]
	at testClasses.LoginTest.fillCredentials(LoginTest.java:84)
</failure>
    <system-out><![CDATA[fillCredentials
]]></system-out>
    <system-err><![CDATA[JavaScript error: , line 0: uncaught exception: undefined
JavaScript error: https://meralda.scalenext.io/js/main.js, line 3: TypeError: $(...).niceNumber is not a function
console.wJaavaScrn:ript error: resource://gre/modules/LoginManagerParent.jsm, line 136: TypeError: gRecipeManager is null
 LoginRecipes: "getRecipes: falling back to a synchronous message for:" "https://meralda.scalenext.io"
console.warn: LoJginRecipes: "getRecipes: avaScript error: resource://gre/modules/LoginManagerParent.jfalling back to a synchronous message for:" "https://meralda.ssm, line 136: TypeError: gRecipeManager is null
JavaScript error: resource://gre/modules/LoginManagerParent.jsm, line 136: TypeErcalenror: gRexecipeManager is null
t.io"
console.warn: LoginRecipes: "getRecipes: falling back to a synchronous message for:" "https://meralda.scalenext.io"
JavaScript error: https://meralda.scalenext.io/js/main.js, line 3: TypeError: $(...).niceNumber is not a function
]]></system-err>
  </testcase>
  <testcase name="fillCredentials" classname="testClasses.LoginTest" time="3.314"/>
</testsuite>